[2026-05-09 12:19:45] Application started
[2026-05-09 12:29:18] Application started
[2026-05-09 12:36:08] Application started
[2026-05-09 12:36:46] Application started
[2026-05-09 12:47:37] Application started
[2026-05-09 12:48:58] Application started
[2026-05-09 12:52:45] Application started
[2026-05-09 12:54:18] Application started
[2026-05-09 12:56:33] Application started
[2026-05-09 13:10:28] Application started
[2026-05-09 13:19:16] Application started
[2026-05-09 13:23:16] Application started
[2026-05-09 13:29:43] Application started
[2026-05-09 13:32:34] Application started
[2026-05-09 13:38:06] Application started
[2026-05-09 13:41:11] Application started
[2026-05-09 13:48:09] Application started
[2026-05-09 13:50:00] Application started
[2026-05-09 13:52:00] Application started
[2026-05-09 14:02:33] Application started
[2026-05-09 20:51:14] Application started
[2026-05-09 20:57:34] Application started
[2026-05-09 20:58:54] Application started
[2026-05-09 21:01:09] Application started
[2026-05-09 21:02:53] Application started
[2026-05-09 21:06:24] Application started
[2026-05-10 14:51:47] Application started
[2026-05-10 15:09:16] Application started
[2026-05-10 15:09:22] Application started
[2026-05-10 15:09:23] Application started
[2026-05-10 15:09:48] Recognition session ended
[2026-05-10 15:09:56] Application started
[2026-05-10 15:14:12] Application started
[2026-05-10 15:18:23] Application started
[2026-05-10 15:23:11] Application started
[2026-05-10 15:37:59] Application started
[2026-05-11 09:32:34] Application started
[2026-05-11 09:33:05] Application started
[2026-05-11 09:34:35] Application started
[2026-05-11 09:38:19] Application started
[2026-05-11 09:38:53] Application started
[2026-05-11 09:40:07] Application started
[2026-05-11 09:40:45] Application started
[2026-05-11 09:43:54] Application started
[2026-05-11 09:56:08] Application started
[2026-05-11 09:56:09] Application started
[2026-05-11 09:57:43] Application started
[2026-05-11 09:57:44] Application started
[2026-05-11 09:58:32] Application started
[2026-05-11 10:04:34] Application started
[2026-05-11 10:04:35] Application started
[2026-05-11 10:06:59] Application started
[2026-05-11 10:07:00] Application started
[2026-05-11 10:07:18] Application started
[2026-05-11 10:07:19] Application started
[2026-05-11 10:07:23] Application started
[2026-05-11 10:07:42] Application started
[2026-05-11 10:07:43] Application started
[2026-05-11 10:09:17] Student registered: Abhinav Srivastava (BCS2025376)
[2026-05-11 10:11:29] Recognition session ended
[2026-05-11 10:12:33] Student registered: kritika (BCS2025462)
[2026-05-11 10:14:53] Application started
[2026-05-11 10:14:54] Application started
[2026-05-11 10:16:23] Application started
[2026-05-11 10:16:23] Application started
[2026-05-11 10:43:54] Application started
[2026-05-11 10:43:55] Application started
[2026-05-11 10:44:22] Recognition session ended
[2026-05-11 11:35:56] Application started
[2026-05-11 11:36:56] Application started
[2026-05-11 11:40:26] Application started
[2026-05-11 11:42:31] Application started
[2026-05-11 11:42:32] Application started
[2026-05-11 11:44:04] Application started
[2026-05-11 11:44:05] Application started
[2026-05-11 11:45:19] Deleted student BCS2024488
[2026-05-11 15:03:00] Application started
[2026-05-11 16:16:03] Application started
[2026-05-11 16:27:46] Application started
[2026-05-11 16:59:11] Application started
[2026-05-11 17:10:18] Application started
[2026-05-11 17:11:20] Application started
[2026-05-11 17:11:38] Application started
[2026-05-11 21:35:32] Application started
[2026-05-11 21:37:22] Application started
[2026-05-11 22:13:38] Application started
[2026-05-11 22:15:21] Application started
[2026-05-11 22:17:25] Application started
[2026-05-11 22:27:01] Application started
[2026-05-11 22:28:56] Application started
[2026-05-11 22:29:17] Application started
[2026-05-11 22:31:34] Application started
[2026-05-11 22:32:54] Application started
[2026-05-11 22:43:56] Application started
[2026-05-11 22:46:20] Application started
[2026-05-11 22:46:21] Application started
[2026-05-11 22:46:34] Recognition session ended
[2026-05-11 22:46:50] Attendance exported to attendance_export.csv
[2026-05-12 09:10:36] Application started
[2026-05-12 09:54:00] Application started
[2026-05-12 09:55:22] Application started
